000003
000004
000007
00000A
00000C
0000A9
000497
000A2C
000AB6
000C01
01013C
03C4A8
03C67A
040030
040052
04005A
040061
040068
04006C
04006E
0400D3
040621
04B188
04CA29
04CA5C
04CA87
06A038
06A062
06A063
06A064
06A072
06A077
06A078
06A07E
06A083
06A0A4
0A0000
0A0044
0A0045
0A005D
0A0CCB
0A11F5
0A1339
0A1470
0A15E7
0A16EC
0A2AA4
0A2B92
0A4028
0A44A2
0A46DE
0A48A4
0A821E
0A8886
0A8B76
0A9067
0A954C
0AA6B9
0AB8FD
0B1601
0C0220
0C04BF
0CE62B
0D0152
0D0163
0D04BF
0DC1DA
100DF0
15B020
273015
30038B
300436
33FFF9
343382
34338D
36AF8A
38566F
392263
393C89
393C8A
3965A4
3965A5
3965A6
3965A7
3982A8
39BD20
39BD21
39BD22
3A1465
3C1647
3C4583
3C4584
3C4585
3C4587
3C6515
3C6517
3C6518
3C651A
3C656B
3C656C
3C656E
3C656F
3C65A1
3C65A2
3C65A3
3C65A4
3C65A6
3DD322
400044
400424
400568
400575
4005BA
4005D2
400676
400677
400678
4006C1
4006C2
4006C3
4006E5
400771
4008AA
4008F6
4008F7
4008F8
4008FA
4009A0
400A0D
400A12
400A30
400A58
400B14
400CC5
400D14
400D9B
400E37
400E56
400F4C
400FA8
4012CF
4012D9
4026ED
402789
404A17
405637
40593A
405B68
405BFB
405BFC
405BFD
405BFE
405D13
405ECE
405F09
405F31
405F32
405F33
405F8E
40600F
40608F
406090
4061A3
40621B
40621C
40621D
40622F
406266
406267
4062D5
406334
4063E6
4063E7
406459
40647F
40E3E6
4107E5
424194
42423F
424993
4249EF
43E77E
43E7AA
43E7DF
43E889
43E8B8
4403A4
4403BD
4403DE
4404B5
4404C1
44A830
44A96D
471EA4
471EAB
471F4D
4784C0
480525
484010
484048
484108
4844B6
484760
484CC6
484D10
4880AA
48ADE6
491261
4950D4
49516F
495BFE
4B1868
4B187A
4B187B
4B187C
4B187D
4B187E
4B187F
4B1880
4B1881
4B1882
4B1883
4B18AE
4B1909
4B38F0
4BA941
4BA942
4BA943
4BA944
4BA949
4BA94D
4BA9C8
4BD066
4CA03B
4CA091
4CA0AA
4CA13E
4CA158
4CA168
4CA1C0
4CA1E7
4CA1E8
4CA1E9
4CA1EB
4CA1EE
4CA21C
4CA27E
4CA28B
4CA2B8
4CA2D0
4CA2D5
4CA2F5
4CA2FB
4CA31A
4CA332
4CA53C
4CA593
4CA5C7
4CA5E4
4CA604
4CA64F
4CA697
4CA6AB
4CA6C6
4CA6C8
4CA6E0
4CA6FE
4CA6FF
4CA700
4CA703
4CA704
4CA70D
4CA736
4CA73C
4CA73D
4CA73E
4CA740
4CA741
4CA74E
4CA74F
4CA75E
4CA760
4CA761
4CA763
4CA765
4CA767
4CA768
4CA769
4CA76F
4CA770
4CA782
4CA7A7
4CA7AA
4CA7AB
4CA7B9
4CA801
4CA803
4CA804
4CA80D
4CA814
4CA818
4CA82D
4CA83F
4CA841
4CA842
4CA849
4CA84A
4CA84D
4CA84E
4CA84F
4CA853
4CA857
4CA862
4CA875
4CA87C
4CA87D
4CA884
4CA892
4CA8AD
4CA8AF
4CA8BD
4CA8D6
4CA8DA
4CA8DB
4CA8E4
4CA8E5
4CA8E9
4CA8EA
4CA8EB
4CA90F
4CA910
4CA911
4CA92D
4CAA93
4CC0D9
4CC3DD
4D0139
4D2038
4F8FCF
503C6E
5D4004
5DAB48
5DAB73
697CEE
6A7E10
6B1820
6CB960
710223
71BC17
769681
78021A
790C42
7FBB38
80043B
80043D
80043E
8004DC
8960E4
8960EF
89612B
896168
89619A
8961EC
8961EE
91E183
A00054
A00386
A02078
A0302B
A047F7
A05A01
A05A03
A05A25
A061D9
A067C0
A067FA
A0817C
A0817F
A081CA
A0A8DA
A0A8DE
A0A8DF
A0A900
A0A91F
A0CCB8
A0D961
A0E0CF
A11380
A11EA7
A11F59
A11F9D
A11FA1
A11FC1
A11FC7
A120A4
A1245F
A12598
A1280A
A12BCD
A1333B
A136E6
A1373D
A14008
A144A5
A14700
A15703
A15A72
A15ABA
A15E71
A16228
A1682C
A16B24
A16BEF
A16E7D
A16EBC
A16EE0
A173A8
A1775F
A18239
A183EF
A185E4
A189A7
A1978F
A19D4F
A19EFF
A1A2A2
A1A2B6
A1AA24
A1BFB2
A1DB3A
A2071F
A21C6C
A242A9
A24660
A24BF9
A24DCE
A25795
A26A28
A26DDF
A2A693
A2A80F
A2A84C
A2A871
A2B1B8
A2B926
A2C44B
A2C802
A2CE12
A2D1C9
A2D580
A2D937
A2DCEE
A2E0A5
A2FBF1
A35EEB
A39BFA
A39C62
A3B1A0
A3B557
A3C4D2
A3C880
A3CC37
A3DECA
A3E27F
A3E403
A3E4DA
A3E885
A3E89A
A3EFF3
A3F3AA
A3FECF
A40286
A413BB
A42297
A42A05
A433CC
A43B3A
A43EF1
A44A22
A44DD9
A45190
A45199
A4553B
A45B57
A462C5
A46DE9
A47195
A47557
A47561
A482CA
A48681
A48A44
A49135
A49136
A49138
A491B2
A491FB
A49920
A49CD7
A4A08E
A4A445
A4DAB6
A4E446
A4F6A5
A500C5
A5047C
A5198C
A57AF9
A590EA
A5EA08
A5EF0E
A60052
A61447
A63E81
A63EEF
A675CD
A67857
A69BDE
A6A065
A6A7C7
A6C4D3
A6C88A
A6CFF8
A700F0
A72741
A754B5
A75A10
A76238
A76239
A781A4
A7A08A
A7A242
A7B7B6
A7C692
A7DE26
A7E6ED
A81FAB
A8259B
A86AB5
A86E6C
A86FFB
A875DA
A87D48
A880FF
A8886D
A89234
A895EB
A899A2
A89D59
A8A110
A8A4C7
A8A87E
A8AC35
A8AFEC
A8B377
A8B5FC
A8B75A
A8B760
A8B9B3
A8BD6A
A8C121
A8DEDA
A8E297
A8EF8C
A904B6
A9067B
A90A31
A92DDF
A93191
A95DBA
A96168
A96171
A963BF
A96577
A96C96
A9704D
A977BB
A97DCB
A9816D
A98219
A98539
A988F0
A997CC
A9A591
A9A7FE
A9A901
A9ACB8
A9B06F
A9BB62
A9BF4B
A9C5E2
A9D1E4
A9FDEB
AA01A2
AA11D3
AA1A16
AA1DCD
AA2184
AA253B
AA2A12
AA3417
AA37CE
AA4195
AA43F1
AA4440
AA44AC
AA44CD
AA4548
AA4860
AA4865
AA5191
AA57DF
AA5B89
AA5B92
AA5D65
AA64BA
AA64D3
AA6BC0
AA6E81
AA7170
AA7238
AA79A6
AA7BA7
AA7D5D
AA8114
AA8315
AA84CB
AA86CC
AA8882
AA8A83
AA8C39
AA9093
AA9249
AA93C9
AA9801
AA998A
AA99B7
AA9BB8
AA9F6F
AAA125
AAA326
AAA4DC
AAA6DD
AAA893
AAAE4B
AAB001
AAB202
AAB812
AAB841
AABBC9
AABF80
AABFAF
AAC337
AAC4ED
AAC6EE
AACC5B
AACE5C
AAD012
AAD213
AAD5CA
AAD981
AADB37
AAE6D5
AAEE43
AAF1FA
AAF5B1
AAF968
AAFD1F
AB120B
AB1D80
AB20E7
AB2855
AB2C0C
AB35D3
AB4489
AB4840
AB4FAE
AB5365
AB56D2
AB5975
AB5D2C
AB60E3
AB649A
AB6851
AB6C08
AB6FBF
AB7376
AB772D
AB80F4
AB8862
AB8C19
AB9E2D
ABA53C
ABAB90
ABAB94
ABAF47
ABB6B5
ABC1DA
ABC8CE
AC14C8
AC1BC7
AC2D32
AC3078
AC442A
AC6FFB
AC954D
ACA5F2
ACBCCC
ACC647
ACF1EC
ACFDCA
AD0538
AD08EF
AD0EFF
AD166D
AD38DF
AD3FDC
ADFEF2
AE014F
AE01C8
AE03E3
AE0449
AE04D8
AE0673
AE1165
AE147A
AE189A
AE2208
AE29FD
BB0045
BE47B3
C01723
C01725
C01734
C0173E
C0173F
C0174F
C01753
C01754
C01755
C0203E
C021FC
C021FD
C02205
C02CF1
C04642
C047EB
C04BF1
C050B5
C051E4
C053F6
C0583A
C0583F
C05840
C05843
C0584D
C058AA
C05BC9
C06E45
C078B7
C078BA
C078C0
C078C2
C07C30
C082CD
C23CB7
C2B355
C2B373
C2B3A5
C2B3C3
C2B3D7
C6C810
C81D80
C81D82
D31477
DD6621
E80241
F7B877
FEFE10
01012A
4D010E
3965A9
4CA8E6
4B8DAB
40090E
45D974
4055BA
4B1601
AB04F3
4CEF0D
AD2170
471F48
4CA73A
4AC8D4
89611E
4CA7AC
A46A27
4CA27B
3C4582
401570
A7FF15
A14626
DEBBC8
A059E3
A12F78
A47CBA
040040
DC67D0
0AA6BA
A1A66D
AA10C8
A8D77B
AA5428
4005B9
C070B7
BE6871
04002F
A9421C
406439
AC37DD
A9DAFB
A6A7B9
4204DF
A0A91E
896179
000008
08961B
A4667C
A9729E
40042E
8960E2
C81D7E
0D0582
06A068
570A96
AC6FE2
06A071
4D010D
40126A
0AB4FA
0AB448
4BA94B
49128D
A0DD18
A262BA
A77C11
F1B77E
A90A17
477FF3
4CA67E
AE03E7
40643B
30049F
45C266
A0C9FC
406017
400954
408954
4062A3
4912A2
A4BD36
43E7CD
A9F47F
398D69
A05327
A63ACD
3C4588
A9A289
A23FA3
A99F0D
AAE1ED
A9E814
405B69
440565
008188
A25188
1541A1
AC6AA9
A7CEAF
AC7159
12CFC6
0A1DCB
AB048D
31F32F
040092
AB00D6
A43783
43E8AB
A6AEC0
40631D
4CA7A9
A8DD8B
C051F0
AD0181
AACAA5
478539
AB27FA
AE11DB
4CA6A0
AE20C5
A51E24
A97C65
4CA8E8
896061
04005B
D4D3A6
02E199
0400D5
7E74F4
43E872
DF3DC1
02E194
4CA859
5D4062
4BA947
4CA7B1
4CA366
AA0559
480C08
40648F
8003C9
39656F
43C1C6
3C6519
A548BC
04CA73
2B1A8F
A0F828
4CA788
AD34B7
A810AF
4CA2BD
4CA943
AC91BA
A708D3
A3866A
4BA946
C04EB6
4CC2C5
AA7439
898037
AA4CD0
A3ADE9
AE206D
C01732
03C656
AC70C9
500550
0A0E0C
AB1979
AB2737
D17269
4CA6A8
A0F46F
AE0500
A74CC8
AE04F8
4004A1
C0884A
A3C3E0
4CA6A9
A99B83
C078AE
A12D83
400A2A
4CA882
06A069
4BA9CC
3C65A5
A1E99D
AB249E
4CA297
4CA707
C010B3
5D3964
4CA813
4059F2
C2B3EB
A7705A
343202
4CA699
A80E70
600808
04C0B0
ADFEB8
4BA948
4CA787
A569C4
A382B3
ACDDE0
4CA80E
4CA922
896113
AC8ED7
4CA872
A3B7D1
A2576B
A15EBC
80043C
ACD615
80843C
FE6FF2
03C651
AB0E54
A2B1A1
5D4006
A63B1C
0A0DD1
ACFA13
AC3DD2
AA5BD0
86BD24
0A944B
0A16EE
E900CC
43E8B1
38423A
49128C
4CA336
489443
43E777
4010F9
43C195
AEFAA2
AA78DE
A25EFF
3FEAD3
49516C
4BA945
484C46
71BE16
4B190A
4B390A
405E7D
A63713
150696
4011E5
A63AAA
4CA705
AB812B
A38A21
AC1E56
4CA848
3936AA
A3CFEE
4062B7
4249CE
C0173A
91B9EE
C0584F
080043
D93C1A
5D8004
44ADBD
AA6C50
0AA980
0A2FBE
0A4A44
0AA6C5
0A2DCE
AB1D30
04841A
A2D6C7
300445
291DBF
5D45CE
400623
5D3004
C05852
4CA935
C002EA
478538
04006B
ADC5E2
4CA7B7
0400A8
5DA2B1
AE0976
4B19A5
4CA8E7
8960E5
3CC581
A0A902
060027
AA3B85
04008F
ADE16D
4007B3
AE0671
401CBD
A41004
342388
A0F815
06A070
4CA75C
424933
8960E6
AE123A
403FB3
4001D1
4013B1
424198
40075E
A30D94
00C230
424252
A2EC5A
ADFE83
4CA6FC
4CA893
ADFE89
4CA7FE
406320
A2CD88
A45F0E
A47903
3CE4E3
A3EC3C
0A11EA
AADF96
03C720
0AB20E
AC0CD2
BE0273
A96B44
40590E
5D3C64
049116
5D4911
02E19C
E950C6
0A3CC3
03C4AC
040051
040590
5D4005
040609
295CE2
0A124B
2A6BA4
99F59D
471F4A
4CA852
AAAC4A
A43882
4B1864
0A86E6
424123
3C4581
4CA6AD
C06201
A0CA4B
04CA70
5B5799
4BBC44
C078BF
A9FA34
D38D8F
A9AEB3
4403B3
AB1683
4CA262
C2AEFF
A19429
AD1A85
010153
3951C2
45D92B
A003F6
300332
AE03E9
AA6735
A4A4DF
ABB2FE
C052A4
343383
AABBF8
AE050D
A98146
C078B0
406237
40645A
7103F2
41645A
A01527
4249A9
A3026F
4BA94A
4CA1DD
A134F1
C051EC
C2B369
A6329D
15CAE5
A1534C
0A9588
0D04B7
418BEB
4BBC46
0D03C3
A2C094
04CA82
5D4007
0A433C
000A43
484D11
AA611C
3965A3
40609F
4CA88E
AA6CD2
40010D
048404
8C2112
A062C5
43E7E3
7E19BE
040067
71E156
703BFF
400FF7
DE73CC
0A92DD
A37EFC
AE0674
0A37EF
AD4393
A164B9
DEDFCA
ACD0C7
3D4AD8
E47EF6
3982A9
723300
016906
4E47DA
71B3F2
0A77C1
03C982
02E197
0AAAA9
4CA7D6
4CA269
A3D3A5
A952AE
4CA913
4D0250
A715F3
A2BCDD
A0F08B
C07625
0169FF
424181
4006EE
AE03D4
3C4C4E
0D003F
A09C62
4CA930
AADE41
3433D3
4CA8CF
A013A0
738C03
4BA94C
45A587
3C4586
40060A
ADCE13
A8C360
AD5B67
3951C1
42491D
AE0698
8004DD
AA7338
738045
A206B0
0A1EA3
71B315
A88BBC
0BAE96
5D3C72
852331
0AA44A
5DA059
0A4992
DEB9C8
A193D8
DEF234
D93FE5
5081CE
0A11FA
A34A8F
0A14C2
A5248D
AAC7FC
AA158A
AA2E7C
A0592C
5D4CA8
A8ACC7
78023B
4056A2
A16883
43E8B3
06A076
424274
78021B
264419
0AD053
A2EDF2
A6D826
AA4862
A25B4C
4CA84C
A66695
AE07C3
04004C
CBAD1E
39A912
A0529D
7754C6
AE07B9
A39588
AA9D6E
010154
1E0228
43E885
B3569A
49130B
43E86B
A794BF
342550
300124
424270
A380FC
A4EBD9
A39B56
4400A5
4B173F
A954BD
4B1869
ADFEED
080037
AAE2A5
A04BAE
4805D2
04CA80
A0100F
4CA916
405E57
70DAA6
AB76E5
3EB1A6
DFF3C5
4CA7B5
AE048A
A1F3FD
91A611
01CE6C
549BA8
0400D2
73130F
400680
46B581
4CA80B
AC710E
ADFDB9
4CA76A
ADFDB6
ADFE88
40635C
484441
46D02A
410619
DCA1D4
A955E1
0A0048
AE20C3
38471A
43E89A
ACDC7B
424241
40622D
A0F684
A9C240
400C6B
AC76A1
AAE0E2
A13C5F
4241BF
0AD0EF
AE146E
AA944A
AE031A
0C0175
C9D700
A32C2E
5D3C4A
42496E
04063E
70A262
0AA944
02E18C
A0F7C1
A48DFB
491262
04CA56
AE0152
03C64F
0A05A0
040608
C07444
A5738B
ABA6DA
398140
A59767
C049E8
4B18CD
44F427
A9B2B5
AB9B83
06A05A
AE05A0
AE036A
44059E
A6FDBC
39BD23
ADFE82
A00C42
4CA702
A660AB
A0643D
AC297B
AE044B
15409A
0B04E3
A32FFE
A2734F
A97282
E20958
A700FC
0A16BE
3C4C85
A05575
78DBBF
4B387E
45EAEF
C0054F
A2C629
3C694B
AE11E9
405B74
A7DF0E
4CA954
A0FE19
AE0367
0400A3
AE04A6
AB288E
AE07A1
4CA6A4
AA6CCB
04CA15
4D02B4
A3D75C
406379
4CC26A
484560
44059D
21B132
219C7E
002000
0002E1
A5DC8A
4CA812
A202C5
A81A76
4CA75D
4CA8D9
405D12
A3C4CA
49516B
42492E
8005AE
AE11FA
AB0A9D
A4BCEC
24A000
800648
A129CC
A8CC56
405D10
219C56
002028
A21749
A2A261
A0FB13
0A8AC3
4B19AA
89612E
3C720A
06A07A
AE035E
06A07D
7A5ECD
3F8D09
0A8DED
0D02AB
A3DB13
AE057C
A6EFA5
A13A9D
AD59D1
A68952
A3A15B
ADFEB9
4CA7A8
ABBA6C
401122
406471
A33222
A2BA34
AE03E8
4064A1
A3C68C
4CA854
71022A
AA51DF
EE1910
A8E165
424164
4CA886
AAD780
A149DD
AE0443
780218
03C64E
0C0584
86CF26
AE4A81
49116B
0AA84C
3A4880
AD81DB
ADFDB8
A7CB9E
040049
4785E1
04005C
A3C98D
428198
706048
4BBC45
A11D5E
3C85CE
420C52
AB4806
AB4806
A36D3D
4CA612
4CA811
A572E9
AB6EBE
A2C013
A51358
AA18B3
401087
AAA488
040031
A9B71B
4067E7
A0190A
A83966
4CA883
AD853E
3F8519
A361EE
4063C3
04CA21
0484D1
A0FD39
4CA6FD
AE0357
734747
5CA640
4950DA
4249BD
4CA706
4001AE
AE05E6
4CA762
4BBC48
4CA6AA
4B1984
AA0938
A0F3E1
C0571A
A1426F
91B611
A61AE6
A8E4F9
AAA4DD
AD12B6
D983E3
A12F56
0AA92F
0A2E0A
0AAC4E
3C796B
0A7623
0A6C88
0400E1
ACBBD6
0A875D
ACD392
AB4C99
040041
A87223
AD3253
C023AA
A14704
A01B35
A05269
C2B35F
06A066
4BA9CD
A01E91
A6EAB4
4CA815
C078C1
C078B6
45AA99
A19B64
A6B593
A7B11E
A353C6
AC77BB
A63893
A5CC86
491095
471F50
040058
A63665
000406
4BE421
02E198
3A24C5
1A06D4
000400
4DF63F
1D0014
0D49D4
539D68
0A0817
036183
7F3346
0DC1D7
7BC3D7
04CA1B
AC6321
AE015B
C0174D
43E78E
449DAC
AB84AB
AB10D6
8960EE
827AE7
4CA809
18376E
896177
A23100
AADE02
40091C
43E85C
381FFA
3E24D7
A410E4
400B18
C077CD
711BF2
491318
AE07F3
4CA88F
424126
4D0227
AB57A5
0A7705
4CA80C
A7DF3B
AC25C4
0A0046
AC7AE7
42410D
A0C931
A36A10
40604B
4CA950
89611F
4B189C
A88E0A
A173CD
3C65A7
A2AE06
034066
A258FC
C0172E
A13E60
89DF3E
A8D3C4
0A6E89
0A1534
AAFBFA
DCF1D7
A05F81
4B181E
4EA301
406241
89616A
B90BA6
400A43
04004E
896276
A2F6A3
0A185E
12CEF8
A7C46A
42423E
4CA73B
06A079
A4B8C3
AE0141
06A075
34D210
000002
4CA689
4060BC
AAF663
ABA7D9
424075
750207
4CA855
8004E0
A36490
4D204C
A12FB4
C023AE
0A3C4C
04840C
ACC98C
A6F3C0
A5766A
A4AB32
A8EC67
40841D
A0BD47
491319
AA1B46
A35B1E
0A12D8
AA6103
0AA610
43E884
0AABBC
8960E3
7102E3
8961ED
45C263
4CA13F
A6C4DB
006500
4CA915
A6358A
4BA9C9
48A8E6
4CA94F
43E7FB
43E7B1
A0D9A1
A1ECBD
A9FFA4
06A080
43E862
4CA2F2
400DE0
A6D851
C03689
4000A2
ABAC0F
A3204C
A3BF1E
A3D0DE
405FD3
C6504A
C07FEA
896117
A11350
383AFA
AC82C7
381F9A
8004DA
A10BB0
4CA28F
AABD7F
7380AA
A10B30
02418C
036182
0003F8
AE8172
0A1245
2C656C
4CA885
C06DD3
A6630F
A6831E
0AB5D2
DC222C
A73B08
04004D
A9CA4D
040042
AA06A5
917B79
000A0A
070601
040077
A9B29D
4CA335
06A073
03C965
A8DBF6
424917
A4B7C9
3965AA
4B19B1
A4EA6D
A7D625
A00371
401404
4062C9
A31B4F
AD731F
A3918F
406125
A4A82F
AE03CA
A00986
48D409
AD363D
4950D3
A309DD
7E9CC8
01012B
DD8A24
048405
0D0020
A6BC25
A172AC
A3A250
ADE6D0
A1E50A
0AA932
4CA701
AB9387
A954A6
405AFF
A95A48
40079F
A43BCF
AA5B9F
A01ED9
0A3DB1
A0CAC6
A1929A
396C46
A6EAC2
AAC981
ABCED8
C057C3
A5D041
0AA5D6
A0B277
4BBC49
C078B3
AE0146
A8EC20
A49929
0AA5B9
AC39DB
406187
AE013F
4CA739
A3F761
400DEE
B6DB6D
AE0518
4CA6FB
396661
AA69D3
A4337C
44046E
AA280C
A7D633
AB0A64
AE1439
ADA548
A0B211
A192CD
405FD5
4CA80F
AE10C1
ADFEE2
ADFEF0
471F51
A78C7D
A8DAEC
A3B41A
A4BFCB
A4E0B4
E4813E
A1050F
AA37F6
A9FA5C
39C897
01013D
4CA8BF
40481B
0AA490
AA3FAF
4B189A
A23047
AD52B6
4CA6A3
4CA894
4249F4
400B37
A0B2DB
A3CA43
A6AE9A
AE11EA
49D258
401132
40056E
C01FA8
AA75EF
800584
C05BC8
ACB479
45D969
A3C3E6
0AA486
5454BF
AB4BF7
C051E2
0AA64B
4CA285
A82540
738046
40631B
04CA89
04CA0F
0A39C6
E55692
489442
4CA8D5
